<?xml version="1.0" encoding="UTF-8"?>
<!-- Generated by org.testng.reporters.JUnitReportReporter -->
<testsuite hostname="LAPTOP-97IMSNRG" failures="0" tests="1" name="Test.PinpageTest" time="16.474" errors="0" timestamp="2022-06-19T14:23:02 IST" skipped="0">
  <testcase classname="Test.PinpageTest" name="loginzerodhawithpinpage" time="16.474"/>
  <system-out/>
</testsuite> <!-- Test.PinpageTest -->
